2020-03-13 10:36:11,638 [main] INFO  b.o.s.c.r.DefaultRetryListener - Detected a connection exception, but it's not the connection timeoutMs or 503 Service Unavailable. Do not retry.
2020-03-13 10:43:23,822 [main] INFO  b.o.s.c.r.DefaultRetryListener - Detected a connection exception, but it's not the connection timeoutMs or 503 Service Unavailable. Do not retry.
2020-03-13 10:44:04,457 [main] INFO  b.o.s.c.r.DefaultRetryListener - Detected a connection exception, but it's not the connection timeoutMs or 503 Service Unavailable. Do not retry.
2020-03-13 10:44:04,478 [main] ERROR b.o.s.c.c.ClientMain - {
  "name" : "IllegalArgumentException",
  "message" : "Cannot deserialize value of type `long` from String \"2020-03-13T10:44:03.422+0000\": not a valid Long value\n at [Source: UNKNOWN; line: -1, column: -1] (through reference chain: bio.overture.song.core.exceptions.SongError[\"timestamp\"])",
  "stackTrace" : [
        "com.fasterxml.jackson.databind.ObjectMapper._convert(ObjectMapper.java:3738)",
        "com.fasterxml.jackson.databind.ObjectMapper.convertValue(ObjectMapper.java:3656)",
        "bio.overture.song.core.utils.JsonUtils.fromJson(JsonUtils.java:128)",
        "bio.overture.song.core.utils.JsonUtils.fromJson(JsonUtils.java:124)",
        "bio.overture.song.core.exceptions.SongError.parseErrorResponse(SongError.java:185)",
        "bio.overture.song.sdk.errors.ServerResponseErrorHandler.handleError(ServerResponseErrorHandler.java:60)",
        "org.springframework.web.client.ResponseErrorHandler.handleError(ResponseErrorHandler.java:63)",
        "org.springframework.web.client.RestTemplate.handleResponse(RestTemplate.java:778)",
        "org.springframework.web.client.RestTemplate.doExecute(RestTemplate.java:736)",
        "org.springframework.web.client.RestTemplate.execute(RestTemplate.java:670)",
        "org.springframework.web.client.RestTemplate.exchange(RestTemplate.java:579)",
        "bio.overture.song.sdk.web.impl.DefaultRestClient.get(DefaultRestClient.java:42)",
        "bio.overture.song.sdk.web.impl.DefaultRetryRestClientDecorator.lambda$get$0(DefaultRetryRestClientDecorator.java:37)",
        "org.springframework.retry.support.RetryTemplate.doExecute(RetryTemplate.java:287)",
        "org.springframework.retry.support.RetryTemplate.execute(RetryTemplate.java:164)",
        "bio.overture.song.sdk.web.impl.DefaultRetryRestClientDecorator.get(DefaultRetryRestClientDecorator.java:37)",
        "bio.overture.song.sdk.SongApi.isAlive(SongApi.java:85)",
        "bio.overture.song.client.command.PingCommand.run(PingCommand.java:36)",
        "bio.overture.song.client.cli.ClientMain.run(ClientMain.java:95)",
        "bio.overture.song.client.Main.main(Main.java:30)",
        "java.base/jdk.internal.reflect.NativeMethodAccessorImpl.invoke0(Native Method)",
        "java.base/jdk.internal.reflect.NativeMethodAccessorImpl.invoke(Unknown Source)",
        "java.base/jdk.internal.reflect.DelegatingMethodAccessorImpl.invoke(Unknown Source)",
        "java.base/java.lang.reflect.Method.invoke(Unknown Source)",
        "org.springframework.boot.loader.MainMethodRunner.run(MainMethodRunner.java:47)",
        "org.springframework.boot.loader.Launcher.launch(Launcher.java:86)",
        "org.springframework.boot.loader.Launcher.launch(Launcher.java:50)",
        "org.springframework.boot.loader.JarLauncher.main(JarLauncher.java:51)"
    ],
  "timestamp" : 1584096244460,
  "date" : 1584096244460
}
2020-03-13 10:44:04,478 [main] ERROR b.o.s.c.c.ClientMain - {
  "name" : "IllegalArgumentException",
  "message" : "Cannot deserialize value of type `long` from String \"2020-03-13T10:44:03.422+0000\": not a valid Long value\n at [Source: UNKNOWN; line: -1, column: -1] (through reference chain: bio.overture.song.core.exceptions.SongError[\"timestamp\"])",
  "stackTrace" : [
        "com.fasterxml.jackson.databind.ObjectMapper._convert(ObjectMapper.java:3738)",
        "com.fasterxml.jackson.databind.ObjectMapper.convertValue(ObjectMapper.java:3656)",
        "bio.overture.song.core.utils.JsonUtils.fromJson(JsonUtils.java:128)",
        "bio.overture.song.core.utils.JsonUtils.fromJson(JsonUtils.java:124)",
        "bio.overture.song.core.exceptions.SongError.parseErrorResponse(SongError.java:185)",
        "bio.overture.song.sdk.errors.ServerResponseErrorHandler.handleError(ServerResponseErrorHandler.java:60)",
        "org.springframework.web.client.ResponseErrorHandler.handleError(ResponseErrorHandler.java:63)",
        "org.springframework.web.client.RestTemplate.handleResponse(RestTemplate.java:778)",
        "org.springframework.web.client.RestTemplate.doExecute(RestTemplate.java:736)",
        "org.springframework.web.client.RestTemplate.execute(RestTemplate.java:670)",
        "org.springframework.web.client.RestTemplate.exchange(RestTemplate.java:579)",
        "bio.overture.song.sdk.web.impl.DefaultRestClient.get(DefaultRestClient.java:42)",
        "bio.overture.song.sdk.web.impl.DefaultRetryRestClientDecorator.lambda$get$0(DefaultRetryRestClientDecorator.java:37)",
        "org.springframework.retry.support.RetryTemplate.doExecute(RetryTemplate.java:287)",
        "org.springframework.retry.support.RetryTemplate.execute(RetryTemplate.java:164)",
        "bio.overture.song.sdk.web.impl.DefaultRetryRestClientDecorator.get(DefaultRetryRestClientDecorator.java:37)",
        "bio.overture.song.sdk.SongApi.isAlive(SongApi.java:85)",
        "bio.overture.song.client.command.PingCommand.run(PingCommand.java:36)",
        "bio.overture.song.client.cli.ClientMain.run(ClientMain.java:95)",
        "bio.overture.song.client.Main.main(Main.java:30)",
        "java.base/jdk.internal.reflect.NativeMethodAccessorImpl.invoke0(Native Method)",
        "java.base/jdk.internal.reflect.NativeMethodAccessorImpl.invoke(Unknown Source)",
        "java.base/jdk.internal.reflect.DelegatingMethodAccessorImpl.invoke(Unknown Source)",
        "java.base/java.lang.reflect.Method.invoke(Unknown Source)",
        "org.springframework.boot.loader.MainMethodRunner.run(MainMethodRunner.java:47)",
        "org.springframework.boot.loader.Launcher.launch(Launcher.java:86)",
        "org.springframework.boot.loader.Launcher.launch(Launcher.java:50)",
        "org.springframework.boot.loader.JarLauncher.main(JarLauncher.java:51)"
    ],
  "timestamp" : 1584096244460,
  "date" : 1584096244460
}
2020-03-13 10:45:09,703 [main] INFO  b.o.s.c.r.DefaultRetryListener - Detected a connection exception, but it's not the connection timeoutMs or 503 Service Unavailable. Do not retry.
2020-03-13 10:45:09,726 [main] ERROR b.o.s.c.c.ClientMain - {
  "name" : "IllegalArgumentException",
  "message" : "Cannot deserialize value of type `long` from String \"2020-03-13T10:45:08.693+0000\": not a valid Long value\n at [Source: UNKNOWN; line: -1, column: -1] (through reference chain: bio.overture.song.core.exceptions.SongError[\"timestamp\"])",
  "stackTrace" : [
        "com.fasterxml.jackson.databind.ObjectMapper._convert(ObjectMapper.java:3738)",
        "com.fasterxml.jackson.databind.ObjectMapper.convertValue(ObjectMapper.java:3656)",
        "bio.overture.song.core.utils.JsonUtils.fromJson(JsonUtils.java:128)",
        "bio.overture.song.core.utils.JsonUtils.fromJson(JsonUtils.java:124)",
        "bio.overture.song.core.exceptions.SongError.parseErrorResponse(SongError.java:185)",
        "bio.overture.song.sdk.errors.ServerResponseErrorHandler.handleError(ServerResponseErrorHandler.java:60)",
        "org.springframework.web.client.ResponseErrorHandler.handleError(ResponseErrorHandler.java:63)",
        "org.springframework.web.client.RestTemplate.handleResponse(RestTemplate.java:778)",
        "org.springframework.web.client.RestTemplate.doExecute(RestTemplate.java:736)",
        "org.springframework.web.client.RestTemplate.execute(RestTemplate.java:670)",
        "org.springframework.web.client.RestTemplate.exchange(RestTemplate.java:579)",
        "bio.overture.song.sdk.web.impl.DefaultRestClient.get(DefaultRestClient.java:42)",
        "bio.overture.song.sdk.web.impl.DefaultRetryRestClientDecorator.lambda$get$0(DefaultRetryRestClientDecorator.java:37)",
        "org.springframework.retry.support.RetryTemplate.doExecute(RetryTemplate.java:287)",
        "org.springframework.retry.support.RetryTemplate.execute(RetryTemplate.java:164)",
        "bio.overture.song.sdk.web.impl.DefaultRetryRestClientDecorator.get(DefaultRetryRestClientDecorator.java:37)",
        "bio.overture.song.sdk.SongApi.isAlive(SongApi.java:85)",
        "bio.overture.song.client.command.PingCommand.run(PingCommand.java:36)",
        "bio.overture.song.client.cli.ClientMain.run(ClientMain.java:95)",
        "bio.overture.song.client.Main.main(Main.java:30)",
        "java.base/jdk.internal.reflect.NativeMethodAccessorImpl.invoke0(Native Method)",
        "java.base/jdk.internal.reflect.NativeMethodAccessorImpl.invoke(Unknown Source)",
        "java.base/jdk.internal.reflect.DelegatingMethodAccessorImpl.invoke(Unknown Source)",
        "java.base/java.lang.reflect.Method.invoke(Unknown Source)",
        "org.springframework.boot.loader.MainMethodRunner.run(MainMethodRunner.java:47)",
        "org.springframework.boot.loader.Launcher.launch(Launcher.java:86)",
        "org.springframework.boot.loader.Launcher.launch(Launcher.java:50)",
        "org.springframework.boot.loader.JarLauncher.main(JarLauncher.java:51)"
    ],
  "timestamp" : 1584096309706,
  "date" : 1584096309706
}
2020-03-13 10:45:09,726 [main] ERROR b.o.s.c.c.ClientMain - {
  "name" : "IllegalArgumentException",
  "message" : "Cannot deserialize value of type `long` from String \"2020-03-13T10:45:08.693+0000\": not a valid Long value\n at [Source: UNKNOWN; line: -1, column: -1] (through reference chain: bio.overture.song.core.exceptions.SongError[\"timestamp\"])",
  "stackTrace" : [
        "com.fasterxml.jackson.databind.ObjectMapper._convert(ObjectMapper.java:3738)",
        "com.fasterxml.jackson.databind.ObjectMapper.convertValue(ObjectMapper.java:3656)",
        "bio.overture.song.core.utils.JsonUtils.fromJson(JsonUtils.java:128)",
        "bio.overture.song.core.utils.JsonUtils.fromJson(JsonUtils.java:124)",
        "bio.overture.song.core.exceptions.SongError.parseErrorResponse(SongError.java:185)",
        "bio.overture.song.sdk.errors.ServerResponseErrorHandler.handleError(ServerResponseErrorHandler.java:60)",
        "org.springframework.web.client.ResponseErrorHandler.handleError(ResponseErrorHandler.java:63)",
        "org.springframework.web.client.RestTemplate.handleResponse(RestTemplate.java:778)",
        "org.springframework.web.client.RestTemplate.doExecute(RestTemplate.java:736)",
        "org.springframework.web.client.RestTemplate.execute(RestTemplate.java:670)",
        "org.springframework.web.client.RestTemplate.exchange(RestTemplate.java:579)",
        "bio.overture.song.sdk.web.impl.DefaultRestClient.get(DefaultRestClient.java:42)",
        "bio.overture.song.sdk.web.impl.DefaultRetryRestClientDecorator.lambda$get$0(DefaultRetryRestClientDecorator.java:37)",
        "org.springframework.retry.support.RetryTemplate.doExecute(RetryTemplate.java:287)",
        "org.springframework.retry.support.RetryTemplate.execute(RetryTemplate.java:164)",
        "bio.overture.song.sdk.web.impl.DefaultRetryRestClientDecorator.get(DefaultRetryRestClientDecorator.java:37)",
        "bio.overture.song.sdk.SongApi.isAlive(SongApi.java:85)",
        "bio.overture.song.client.command.PingCommand.run(PingCommand.java:36)",
        "bio.overture.song.client.cli.ClientMain.run(ClientMain.java:95)",
        "bio.overture.song.client.Main.main(Main.java:30)",
        "java.base/jdk.internal.reflect.NativeMethodAccessorImpl.invoke0(Native Method)",
        "java.base/jdk.internal.reflect.NativeMethodAccessorImpl.invoke(Unknown Source)",
        "java.base/jdk.internal.reflect.DelegatingMethodAccessorImpl.invoke(Unknown Source)",
        "java.base/java.lang.reflect.Method.invoke(Unknown Source)",
        "org.springframework.boot.loader.MainMethodRunner.run(MainMethodRunner.java:47)",
        "org.springframework.boot.loader.Launcher.launch(Launcher.java:86)",
        "org.springframework.boot.loader.Launcher.launch(Launcher.java:50)",
        "org.springframework.boot.loader.JarLauncher.main(JarLauncher.java:51)"
    ],
  "timestamp" : 1584096309706,
  "date" : 1584096309706
}
2020-03-13 10:45:55,821 [main] INFO  b.o.s.c.r.DefaultRetryListener - Detected a connection exception, but it's not the connection timeoutMs or 503 Service Unavailable. Do not retry.
2020-03-13 10:45:55,843 [main] ERROR b.o.s.c.c.ClientMain - {
  "name" : "IllegalArgumentException",
  "message" : "Cannot deserialize value of type `long` from String \"2020-03-13T10:45:54.815+0000\": not a valid Long value\n at [Source: UNKNOWN; line: -1, column: -1] (through reference chain: bio.overture.song.core.exceptions.SongError[\"timestamp\"])",
  "stackTrace" : [
        "com.fasterxml.jackson.databind.ObjectMapper._convert(ObjectMapper.java:3738)",
        "com.fasterxml.jackson.databind.ObjectMapper.convertValue(ObjectMapper.java:3656)",
        "bio.overture.song.core.utils.JsonUtils.fromJson(JsonUtils.java:128)",
        "bio.overture.song.core.utils.JsonUtils.fromJson(JsonUtils.java:124)",
        "bio.overture.song.core.exceptions.SongError.parseErrorResponse(SongError.java:185)",
        "bio.overture.song.sdk.errors.ServerResponseErrorHandler.handleError(ServerResponseErrorHandler.java:60)",
        "org.springframework.web.client.ResponseErrorHandler.handleError(ResponseErrorHandler.java:63)",
        "org.springframework.web.client.RestTemplate.handleResponse(RestTemplate.java:778)",
        "org.springframework.web.client.RestTemplate.doExecute(RestTemplate.java:736)",
        "org.springframework.web.client.RestTemplate.execute(RestTemplate.java:670)",
        "org.springframework.web.client.RestTemplate.exchange(RestTemplate.java:579)",
        "bio.overture.song.sdk.web.impl.DefaultRestClient.get(DefaultRestClient.java:42)",
        "bio.overture.song.sdk.web.impl.DefaultRetryRestClientDecorator.lambda$get$0(DefaultRetryRestClientDecorator.java:37)",
        "org.springframework.retry.support.RetryTemplate.doExecute(RetryTemplate.java:287)",
        "org.springframework.retry.support.RetryTemplate.execute(RetryTemplate.java:164)",
        "bio.overture.song.sdk.web.impl.DefaultRetryRestClientDecorator.get(DefaultRetryRestClientDecorator.java:37)",
        "bio.overture.song.sdk.SongApi.isAlive(SongApi.java:85)",
        "bio.overture.song.client.command.PingCommand.run(PingCommand.java:36)",
        "bio.overture.song.client.cli.ClientMain.run(ClientMain.java:95)",
        "bio.overture.song.client.Main.main(Main.java:30)",
        "java.base/jdk.internal.reflect.NativeMethodAccessorImpl.invoke0(Native Method)",
        "java.base/jdk.internal.reflect.NativeMethodAccessorImpl.invoke(Unknown Source)",
        "java.base/jdk.internal.reflect.DelegatingMethodAccessorImpl.invoke(Unknown Source)",
        "java.base/java.lang.reflect.Method.invoke(Unknown Source)",
        "org.springframework.boot.loader.MainMethodRunner.run(MainMethodRunner.java:47)",
        "org.springframework.boot.loader.Launcher.launch(Launcher.java:86)",
        "org.springframework.boot.loader.Launcher.launch(Launcher.java:50)",
        "org.springframework.boot.loader.JarLauncher.main(JarLauncher.java:51)"
    ],
  "timestamp" : 1584096355824,
  "date" : 1584096355824
}
2020-03-13 10:45:55,843 [main] ERROR b.o.s.c.c.ClientMain - {
  "name" : "IllegalArgumentException",
  "message" : "Cannot deserialize value of type `long` from String \"2020-03-13T10:45:54.815+0000\": not a valid Long value\n at [Source: UNKNOWN; line: -1, column: -1] (through reference chain: bio.overture.song.core.exceptions.SongError[\"timestamp\"])",
  "stackTrace" : [
        "com.fasterxml.jackson.databind.ObjectMapper._convert(ObjectMapper.java:3738)",
        "com.fasterxml.jackson.databind.ObjectMapper.convertValue(ObjectMapper.java:3656)",
        "bio.overture.song.core.utils.JsonUtils.fromJson(JsonUtils.java:128)",
        "bio.overture.song.core.utils.JsonUtils.fromJson(JsonUtils.java:124)",
        "bio.overture.song.core.exceptions.SongError.parseErrorResponse(SongError.java:185)",
        "bio.overture.song.sdk.errors.ServerResponseErrorHandler.handleError(ServerResponseErrorHandler.java:60)",
        "org.springframework.web.client.ResponseErrorHandler.handleError(ResponseErrorHandler.java:63)",
        "org.springframework.web.client.RestTemplate.handleResponse(RestTemplate.java:778)",
        "org.springframework.web.client.RestTemplate.doExecute(RestTemplate.java:736)",
        "org.springframework.web.client.RestTemplate.execute(RestTemplate.java:670)",
        "org.springframework.web.client.RestTemplate.exchange(RestTemplate.java:579)",
        "bio.overture.song.sdk.web.impl.DefaultRestClient.get(DefaultRestClient.java:42)",
        "bio.overture.song.sdk.web.impl.DefaultRetryRestClientDecorator.lambda$get$0(DefaultRetryRestClientDecorator.java:37)",
        "org.springframework.retry.support.RetryTemplate.doExecute(RetryTemplate.java:287)",
        "org.springframework.retry.support.RetryTemplate.execute(RetryTemplate.java:164)",
        "bio.overture.song.sdk.web.impl.DefaultRetryRestClientDecorator.get(DefaultRetryRestClientDecorator.java:37)",
        "bio.overture.song.sdk.SongApi.isAlive(SongApi.java:85)",
        "bio.overture.song.client.command.PingCommand.run(PingCommand.java:36)",
        "bio.overture.song.client.cli.ClientMain.run(ClientMain.java:95)",
        "bio.overture.song.client.Main.main(Main.java:30)",
        "java.base/jdk.internal.reflect.NativeMethodAccessorImpl.invoke0(Native Method)",
        "java.base/jdk.internal.reflect.NativeMethodAccessorImpl.invoke(Unknown Source)",
        "java.base/jdk.internal.reflect.DelegatingMethodAccessorImpl.invoke(Unknown Source)",
        "java.base/java.lang.reflect.Method.invoke(Unknown Source)",
        "org.springframework.boot.loader.MainMethodRunner.run(MainMethodRunner.java:47)",
        "org.springframework.boot.loader.Launcher.launch(Launcher.java:86)",
        "org.springframework.boot.loader.Launcher.launch(Launcher.java:50)",
        "org.springframework.boot.loader.JarLauncher.main(JarLauncher.java:51)"
    ],
  "timestamp" : 1584096355824,
  "date" : 1584096355824
}
2020-03-13 10:46:17,868 [main] INFO  b.o.s.c.r.DefaultRetryListener - Detected a connection exception, but it's not the connection timeoutMs or 503 Service Unavailable. Do not retry.
2020-03-13 10:46:17,888 [main] ERROR b.o.s.c.c.ClientMain - {
  "name" : "IllegalArgumentException",
  "message" : "Cannot deserialize value of type `long` from String \"2020-03-13T10:46:16.870+0000\": not a valid Long value\n at [Source: UNKNOWN; line: -1, column: -1] (through reference chain: bio.overture.song.core.exceptions.SongError[\"timestamp\"])",
  "stackTrace" : [
        "com.fasterxml.jackson.databind.ObjectMapper._convert(ObjectMapper.java:3738)",
        "com.fasterxml.jackson.databind.ObjectMapper.convertValue(ObjectMapper.java:3656)",
        "bio.overture.song.core.utils.JsonUtils.fromJson(JsonUtils.java:128)",
        "bio.overture.song.core.utils.JsonUtils.fromJson(JsonUtils.java:124)",
        "bio.overture.song.core.exceptions.SongError.parseErrorResponse(SongError.java:185)",
        "bio.overture.song.sdk.errors.ServerResponseErrorHandler.handleError(ServerResponseErrorHandler.java:60)",
        "org.springframework.web.client.ResponseErrorHandler.handleError(ResponseErrorHandler.java:63)",
        "org.springframework.web.client.RestTemplate.handleResponse(RestTemplate.java:778)",
        "org.springframework.web.client.RestTemplate.doExecute(RestTemplate.java:736)",
        "org.springframework.web.client.RestTemplate.execute(RestTemplate.java:670)",
        "org.springframework.web.client.RestTemplate.exchange(RestTemplate.java:579)",
        "bio.overture.song.sdk.web.impl.DefaultRestClient.get(DefaultRestClient.java:42)",
        "bio.overture.song.sdk.web.impl.DefaultRetryRestClientDecorator.lambda$get$0(DefaultRetryRestClientDecorator.java:37)",
        "org.springframework.retry.support.RetryTemplate.doExecute(RetryTemplate.java:287)",
        "org.springframework.retry.support.RetryTemplate.execute(RetryTemplate.java:164)",
        "bio.overture.song.sdk.web.impl.DefaultRetryRestClientDecorator.get(DefaultRetryRestClientDecorator.java:37)",
        "bio.overture.song.sdk.SongApi.isAlive(SongApi.java:85)",
        "bio.overture.song.client.command.PingCommand.run(PingCommand.java:36)",
        "bio.overture.song.client.cli.ClientMain.run(ClientMain.java:95)",
        "bio.overture.song.client.Main.main(Main.java:30)",
        "java.base/jdk.internal.reflect.NativeMethodAccessorImpl.invoke0(Native Method)",
        "java.base/jdk.internal.reflect.NativeMethodAccessorImpl.invoke(Unknown Source)",
        "java.base/jdk.internal.reflect.DelegatingMethodAccessorImpl.invoke(Unknown Source)",
        "java.base/java.lang.reflect.Method.invoke(Unknown Source)",
        "org.springframework.boot.loader.MainMethodRunner.run(MainMethodRunner.java:47)",
        "org.springframework.boot.loader.Launcher.launch(Launcher.java:86)",
        "org.springframework.boot.loader.Launcher.launch(Launcher.java:50)",
        "org.springframework.boot.loader.JarLauncher.main(JarLauncher.java:51)"
    ],
  "timestamp" : 1584096377871,
  "date" : 1584096377871
}
2020-03-13 10:46:17,888 [main] ERROR b.o.s.c.c.ClientMain - {
  "name" : "IllegalArgumentException",
  "message" : "Cannot deserialize value of type `long` from String \"2020-03-13T10:46:16.870+0000\": not a valid Long value\n at [Source: UNKNOWN; line: -1, column: -1] (through reference chain: bio.overture.song.core.exceptions.SongError[\"timestamp\"])",
  "stackTrace" : [
        "com.fasterxml.jackson.databind.ObjectMapper._convert(ObjectMapper.java:3738)",
        "com.fasterxml.jackson.databind.ObjectMapper.convertValue(ObjectMapper.java:3656)",
        "bio.overture.song.core.utils.JsonUtils.fromJson(JsonUtils.java:128)",
        "bio.overture.song.core.utils.JsonUtils.fromJson(JsonUtils.java:124)",
        "bio.overture.song.core.exceptions.SongError.parseErrorResponse(SongError.java:185)",
        "bio.overture.song.sdk.errors.ServerResponseErrorHandler.handleError(ServerResponseErrorHandler.java:60)",
        "org.springframework.web.client.ResponseErrorHandler.handleError(ResponseErrorHandler.java:63)",
        "org.springframework.web.client.RestTemplate.handleResponse(RestTemplate.java:778)",
        "org.springframework.web.client.RestTemplate.doExecute(RestTemplate.java:736)",
        "org.springframework.web.client.RestTemplate.execute(RestTemplate.java:670)",
        "org.springframework.web.client.RestTemplate.exchange(RestTemplate.java:579)",
        "bio.overture.song.sdk.web.impl.DefaultRestClient.get(DefaultRestClient.java:42)",
        "bio.overture.song.sdk.web.impl.DefaultRetryRestClientDecorator.lambda$get$0(DefaultRetryRestClientDecorator.java:37)",
        "org.springframework.retry.support.RetryTemplate.doExecute(RetryTemplate.java:287)",
        "org.springframework.retry.support.RetryTemplate.execute(RetryTemplate.java:164)",
        "bio.overture.song.sdk.web.impl.DefaultRetryRestClientDecorator.get(DefaultRetryRestClientDecorator.java:37)",
        "bio.overture.song.sdk.SongApi.isAlive(SongApi.java:85)",
        "bio.overture.song.client.command.PingCommand.run(PingCommand.java:36)",
        "bio.overture.song.client.cli.ClientMain.run(ClientMain.java:95)",
        "bio.overture.song.client.Main.main(Main.java:30)",
        "java.base/jdk.internal.reflect.NativeMethodAccessorImpl.invoke0(Native Method)",
        "java.base/jdk.internal.reflect.NativeMethodAccessorImpl.invoke(Unknown Source)",
        "java.base/jdk.internal.reflect.DelegatingMethodAccessorImpl.invoke(Unknown Source)",
        "java.base/java.lang.reflect.Method.invoke(Unknown Source)",
        "org.springframework.boot.loader.MainMethodRunner.run(MainMethodRunner.java:47)",
        "org.springframework.boot.loader.Launcher.launch(Launcher.java:86)",
        "org.springframework.boot.loader.Launcher.launch(Launcher.java:50)",
        "org.springframework.boot.loader.JarLauncher.main(JarLauncher.java:51)"
    ],
  "timestamp" : 1584096377871,
  "date" : 1584096377871
}
2020-03-13 10:47:01,019 [main] INFO  b.o.s.c.r.DefaultRetryListener - Detected a connection exception, but it's not the connection timeoutMs or 503 Service Unavailable. Do not retry.
2020-03-13 10:47:01,041 [main] ERROR b.o.s.c.c.ClientMain - {
  "name" : "IllegalArgumentException",
  "message" : "Cannot deserialize value of type `long` from String \"2020-03-13T10:47:00.036+0000\": not a valid Long value\n at [Source: UNKNOWN; line: -1, column: -1] (through reference chain: bio.overture.song.core.exceptions.SongError[\"timestamp\"])",
  "stackTrace" : [
        "com.fasterxml.jackson.databind.ObjectMapper._convert(ObjectMapper.java:3738)",
        "com.fasterxml.jackson.databind.ObjectMapper.convertValue(ObjectMapper.java:3656)",
        "bio.overture.song.core.utils.JsonUtils.fromJson(JsonUtils.java:128)",
        "bio.overture.song.core.utils.JsonUtils.fromJson(JsonUtils.java:124)",
        "bio.overture.song.core.exceptions.SongError.parseErrorResponse(SongError.java:185)",
        "bio.overture.song.sdk.errors.ServerResponseErrorHandler.handleError(ServerResponseErrorHandler.java:60)",
        "org.springframework.web.client.ResponseErrorHandler.handleError(ResponseErrorHandler.java:63)",
        "org.springframework.web.client.RestTemplate.handleResponse(RestTemplate.java:778)",
        "org.springframework.web.client.RestTemplate.doExecute(RestTemplate.java:736)",
        "org.springframework.web.client.RestTemplate.execute(RestTemplate.java:670)",
        "org.springframework.web.client.RestTemplate.exchange(RestTemplate.java:579)",
        "bio.overture.song.sdk.web.impl.DefaultRestClient.get(DefaultRestClient.java:42)",
        "bio.overture.song.sdk.web.impl.DefaultRetryRestClientDecorator.lambda$get$0(DefaultRetryRestClientDecorator.java:37)",
        "org.springframework.retry.support.RetryTemplate.doExecute(RetryTemplate.java:287)",
        "org.springframework.retry.support.RetryTemplate.execute(RetryTemplate.java:164)",
        "bio.overture.song.sdk.web.impl.DefaultRetryRestClientDecorator.get(DefaultRetryRestClientDecorator.java:37)",
        "bio.overture.song.sdk.SongApi.isAlive(SongApi.java:85)",
        "bio.overture.song.client.command.PingCommand.run(PingCommand.java:36)",
        "bio.overture.song.client.cli.ClientMain.run(ClientMain.java:95)",
        "bio.overture.song.client.Main.main(Main.java:30)",
        "java.base/jdk.internal.reflect.NativeMethodAccessorImpl.invoke0(Native Method)",
        "java.base/jdk.internal.reflect.NativeMethodAccessorImpl.invoke(Unknown Source)",
        "java.base/jdk.internal.reflect.DelegatingMethodAccessorImpl.invoke(Unknown Source)",
        "java.base/java.lang.reflect.Method.invoke(Unknown Source)",
        "org.springframework.boot.loader.MainMethodRunner.run(MainMethodRunner.java:47)",
        "org.springframework.boot.loader.Launcher.launch(Launcher.java:86)",
        "org.springframework.boot.loader.Launcher.launch(Launcher.java:50)",
        "org.springframework.boot.loader.JarLauncher.main(JarLauncher.java:51)"
    ],
  "timestamp" : 1584096421021,
  "date" : 1584096421021
}
2020-03-13 10:47:01,041 [main] ERROR b.o.s.c.c.ClientMain - {
  "name" : "IllegalArgumentException",
  "message" : "Cannot deserialize value of type `long` from String \"2020-03-13T10:47:00.036+0000\": not a valid Long value\n at [Source: UNKNOWN; line: -1, column: -1] (through reference chain: bio.overture.song.core.exceptions.SongError[\"timestamp\"])",
  "stackTrace" : [
        "com.fasterxml.jackson.databind.ObjectMapper._convert(ObjectMapper.java:3738)",
        "com.fasterxml.jackson.databind.ObjectMapper.convertValue(ObjectMapper.java:3656)",
        "bio.overture.song.core.utils.JsonUtils.fromJson(JsonUtils.java:128)",
        "bio.overture.song.core.utils.JsonUtils.fromJson(JsonUtils.java:124)",
        "bio.overture.song.core.exceptions.SongError.parseErrorResponse(SongError.java:185)",
        "bio.overture.song.sdk.errors.ServerResponseErrorHandler.handleError(ServerResponseErrorHandler.java:60)",
        "org.springframework.web.client.ResponseErrorHandler.handleError(ResponseErrorHandler.java:63)",
        "org.springframework.web.client.RestTemplate.handleResponse(RestTemplate.java:778)",
        "org.springframework.web.client.RestTemplate.doExecute(RestTemplate.java:736)",
        "org.springframework.web.client.RestTemplate.execute(RestTemplate.java:670)",
        "org.springframework.web.client.RestTemplate.exchange(RestTemplate.java:579)",
        "bio.overture.song.sdk.web.impl.DefaultRestClient.get(DefaultRestClient.java:42)",
        "bio.overture.song.sdk.web.impl.DefaultRetryRestClientDecorator.lambda$get$0(DefaultRetryRestClientDecorator.java:37)",
        "org.springframework.retry.support.RetryTemplate.doExecute(RetryTemplate.java:287)",
        "org.springframework.retry.support.RetryTemplate.execute(RetryTemplate.java:164)",
        "bio.overture.song.sdk.web.impl.DefaultRetryRestClientDecorator.get(DefaultRetryRestClientDecorator.java:37)",
        "bio.overture.song.sdk.SongApi.isAlive(SongApi.java:85)",
        "bio.overture.song.client.command.PingCommand.run(PingCommand.java:36)",
        "bio.overture.song.client.cli.ClientMain.run(ClientMain.java:95)",
        "bio.overture.song.client.Main.main(Main.java:30)",
        "java.base/jdk.internal.reflect.NativeMethodAccessorImpl.invoke0(Native Method)",
        "java.base/jdk.internal.reflect.NativeMethodAccessorImpl.invoke(Unknown Source)",
        "java.base/jdk.internal.reflect.DelegatingMethodAccessorImpl.invoke(Unknown Source)",
        "java.base/java.lang.reflect.Method.invoke(Unknown Source)",
        "org.springframework.boot.loader.MainMethodRunner.run(MainMethodRunner.java:47)",
        "org.springframework.boot.loader.Launcher.launch(Launcher.java:86)",
        "org.springframework.boot.loader.Launcher.launch(Launcher.java:50)",
        "org.springframework.boot.loader.JarLauncher.main(JarLauncher.java:51)"
    ],
  "timestamp" : 1584096421021,
  "date" : 1584096421021
}
2020-03-13 10:47:13,326 [main] INFO  b.o.s.c.r.DefaultRetryListener - Detected a connection exception, but it's not the connection timeoutMs or 503 Service Unavailable. Do not retry.
2020-03-13 10:47:13,348 [main] ERROR b.o.s.c.c.ClientMain - {
  "name" : "IllegalArgumentException",
  "message" : "Cannot deserialize value of type `long` from String \"2020-03-13T10:47:12.341+0000\": not a valid Long value\n at [Source: UNKNOWN; line: -1, column: -1] (through reference chain: bio.overture.song.core.exceptions.SongError[\"timestamp\"])",
  "stackTrace" : [
        "com.fasterxml.jackson.databind.ObjectMapper._convert(ObjectMapper.java:3738)",
        "com.fasterxml.jackson.databind.ObjectMapper.convertValue(ObjectMapper.java:3656)",
        "bio.overture.song.core.utils.JsonUtils.fromJson(JsonUtils.java:128)",
        "bio.overture.song.core.utils.JsonUtils.fromJson(JsonUtils.java:124)",
        "bio.overture.song.core.exceptions.SongError.parseErrorResponse(SongError.java:185)",
        "bio.overture.song.sdk.errors.ServerResponseErrorHandler.handleError(ServerResponseErrorHandler.java:60)",
        "org.springframework.web.client.ResponseErrorHandler.handleError(ResponseErrorHandler.java:63)",
        "org.springframework.web.client.RestTemplate.handleResponse(RestTemplate.java:778)",
        "org.springframework.web.client.RestTemplate.doExecute(RestTemplate.java:736)",
        "org.springframework.web.client.RestTemplate.execute(RestTemplate.java:670)",
        "org.springframework.web.client.RestTemplate.exchange(RestTemplate.java:579)",
        "bio.overture.song.sdk.web.impl.DefaultRestClient.get(DefaultRestClient.java:42)",
        "bio.overture.song.sdk.web.impl.DefaultRetryRestClientDecorator.lambda$get$0(DefaultRetryRestClientDecorator.java:37)",
        "org.springframework.retry.support.RetryTemplate.doExecute(RetryTemplate.java:287)",
        "org.springframework.retry.support.RetryTemplate.execute(RetryTemplate.java:164)",
        "bio.overture.song.sdk.web.impl.DefaultRetryRestClientDecorator.get(DefaultRetryRestClientDecorator.java:37)",
        "bio.overture.song.sdk.SongApi.isAlive(SongApi.java:85)",
        "bio.overture.song.client.command.PingCommand.run(PingCommand.java:36)",
        "bio.overture.song.client.cli.ClientMain.run(ClientMain.java:95)",
        "bio.overture.song.client.Main.main(Main.java:30)",
        "java.base/jdk.internal.reflect.NativeMethodAccessorImpl.invoke0(Native Method)",
        "java.base/jdk.internal.reflect.NativeMethodAccessorImpl.invoke(Unknown Source)",
        "java.base/jdk.internal.reflect.DelegatingMethodAccessorImpl.invoke(Unknown Source)",
        "java.base/java.lang.reflect.Method.invoke(Unknown Source)",
        "org.springframework.boot.loader.MainMethodRunner.run(MainMethodRunner.java:47)",
        "org.springframework.boot.loader.Launcher.launch(Launcher.java:86)",
        "org.springframework.boot.loader.Launcher.launch(Launcher.java:50)",
        "org.springframework.boot.loader.JarLauncher.main(JarLauncher.java:51)"
    ],
  "timestamp" : 1584096433329,
  "date" : 1584096433329
}
2020-03-13 10:47:13,348 [main] ERROR b.o.s.c.c.ClientMain - {
  "name" : "IllegalArgumentException",
  "message" : "Cannot deserialize value of type `long` from String \"2020-03-13T10:47:12.341+0000\": not a valid Long value\n at [Source: UNKNOWN; line: -1, column: -1] (through reference chain: bio.overture.song.core.exceptions.SongError[\"timestamp\"])",
  "stackTrace" : [
        "com.fasterxml.jackson.databind.ObjectMapper._convert(ObjectMapper.java:3738)",
        "com.fasterxml.jackson.databind.ObjectMapper.convertValue(ObjectMapper.java:3656)",
        "bio.overture.song.core.utils.JsonUtils.fromJson(JsonUtils.java:128)",
        "bio.overture.song.core.utils.JsonUtils.fromJson(JsonUtils.java:124)",
        "bio.overture.song.core.exceptions.SongError.parseErrorResponse(SongError.java:185)",
        "bio.overture.song.sdk.errors.ServerResponseErrorHandler.handleError(ServerResponseErrorHandler.java:60)",
        "org.springframework.web.client.ResponseErrorHandler.handleError(ResponseErrorHandler.java:63)",
        "org.springframework.web.client.RestTemplate.handleResponse(RestTemplate.java:778)",
        "org.springframework.web.client.RestTemplate.doExecute(RestTemplate.java:736)",
        "org.springframework.web.client.RestTemplate.execute(RestTemplate.java:670)",
        "org.springframework.web.client.RestTemplate.exchange(RestTemplate.java:579)",
        "bio.overture.song.sdk.web.impl.DefaultRestClient.get(DefaultRestClient.java:42)",
        "bio.overture.song.sdk.web.impl.DefaultRetryRestClientDecorator.lambda$get$0(DefaultRetryRestClientDecorator.java:37)",
        "org.springframework.retry.support.RetryTemplate.doExecute(RetryTemplate.java:287)",
        "org.springframework.retry.support.RetryTemplate.execute(RetryTemplate.java:164)",
        "bio.overture.song.sdk.web.impl.DefaultRetryRestClientDecorator.get(DefaultRetryRestClientDecorator.java:37)",
        "bio.overture.song.sdk.SongApi.isAlive(SongApi.java:85)",
        "bio.overture.song.client.command.PingCommand.run(PingCommand.java:36)",
        "bio.overture.song.client.cli.ClientMain.run(ClientMain.java:95)",
        "bio.overture.song.client.Main.main(Main.java:30)",
        "java.base/jdk.internal.reflect.NativeMethodAccessorImpl.invoke0(Native Method)",
        "java.base/jdk.internal.reflect.NativeMethodAccessorImpl.invoke(Unknown Source)",
        "java.base/jdk.internal.reflect.DelegatingMethodAccessorImpl.invoke(Unknown Source)",
        "java.base/java.lang.reflect.Method.invoke(Unknown Source)",
        "org.springframework.boot.loader.MainMethodRunner.run(MainMethodRunner.java:47)",
        "org.springframework.boot.loader.Launcher.launch(Launcher.java:86)",
        "org.springframework.boot.loader.Launcher.launch(Launcher.java:50)",
        "org.springframework.boot.loader.JarLauncher.main(JarLauncher.java:51)"
    ],
  "timestamp" : 1584096433329,
  "date" : 1584096433329
}
2020-03-13 10:47:39,969 [main] INFO  b.o.s.c.r.DefaultRetryListener - Detected a connection exception, but it's not the connection timeoutMs or 503 Service Unavailable. Do not retry.
2020-03-13 10:47:39,990 [main] ERROR b.o.s.c.c.ClientMain - {
  "name" : "IllegalArgumentException",
  "message" : "Cannot deserialize value of type `long` from String \"2020-03-13T10:47:38.960+0000\": not a valid Long value\n at [Source: UNKNOWN; line: -1, column: -1] (through reference chain: bio.overture.song.core.exceptions.SongError[\"timestamp\"])",
  "stackTrace" : [
        "com.fasterxml.jackson.databind.ObjectMapper._convert(ObjectMapper.java:3738)",
        "com.fasterxml.jackson.databind.ObjectMapper.convertValue(ObjectMapper.java:3656)",
        "bio.overture.song.core.utils.JsonUtils.fromJson(JsonUtils.java:128)",
        "bio.overture.song.core.utils.JsonUtils.fromJson(JsonUtils.java:124)",
        "bio.overture.song.core.exceptions.SongError.parseErrorResponse(SongError.java:185)",
        "bio.overture.song.sdk.errors.ServerResponseErrorHandler.handleError(ServerResponseErrorHandler.java:60)",
        "org.springframework.web.client.ResponseErrorHandler.handleError(ResponseErrorHandler.java:63)",
        "org.springframework.web.client.RestTemplate.handleResponse(RestTemplate.java:778)",
        "org.springframework.web.client.RestTemplate.doExecute(RestTemplate.java:736)",
        "org.springframework.web.client.RestTemplate.execute(RestTemplate.java:670)",
        "org.springframework.web.client.RestTemplate.exchange(RestTemplate.java:579)",
        "bio.overture.song.sdk.web.impl.DefaultRestClient.get(DefaultRestClient.java:42)",
        "bio.overture.song.sdk.web.impl.DefaultRetryRestClientDecorator.lambda$get$0(DefaultRetryRestClientDecorator.java:37)",
        "org.springframework.retry.support.RetryTemplate.doExecute(RetryTemplate.java:287)",
        "org.springframework.retry.support.RetryTemplate.execute(RetryTemplate.java:164)",
        "bio.overture.song.sdk.web.impl.DefaultRetryRestClientDecorator.get(DefaultRetryRestClientDecorator.java:37)",
        "bio.overture.song.sdk.SongApi.isAlive(SongApi.java:85)",
        "bio.overture.song.client.command.PingCommand.run(PingCommand.java:36)",
        "bio.overture.song.client.cli.ClientMain.run(ClientMain.java:95)",
        "bio.overture.song.client.Main.main(Main.java:30)",
        "java.base/jdk.internal.reflect.NativeMethodAccessorImpl.invoke0(Native Method)",
        "java.base/jdk.internal.reflect.NativeMethodAccessorImpl.invoke(Unknown Source)",
        "java.base/jdk.internal.reflect.DelegatingMethodAccessorImpl.invoke(Unknown Source)",
        "java.base/java.lang.reflect.Method.invoke(Unknown Source)",
        "org.springframework.boot.loader.MainMethodRunner.run(MainMethodRunner.java:47)",
        "org.springframework.boot.loader.Launcher.launch(Launcher.java:86)",
        "org.springframework.boot.loader.Launcher.launch(Launcher.java:50)",
        "org.springframework.boot.loader.JarLauncher.main(JarLauncher.java:51)"
    ],
  "timestamp" : 1584096459972,
  "date" : 1584096459972
}
2020-03-13 10:47:39,990 [main] ERROR b.o.s.c.c.ClientMain - {
  "name" : "IllegalArgumentException",
  "message" : "Cannot deserialize value of type `long` from String \"2020-03-13T10:47:38.960+0000\": not a valid Long value\n at [Source: UNKNOWN; line: -1, column: -1] (through reference chain: bio.overture.song.core.exceptions.SongError[\"timestamp\"])",
  "stackTrace" : [
        "com.fasterxml.jackson.databind.ObjectMapper._convert(ObjectMapper.java:3738)",
        "com.fasterxml.jackson.databind.ObjectMapper.convertValue(ObjectMapper.java:3656)",
        "bio.overture.song.core.utils.JsonUtils.fromJson(JsonUtils.java:128)",
        "bio.overture.song.core.utils.JsonUtils.fromJson(JsonUtils.java:124)",
        "bio.overture.song.core.exceptions.SongError.parseErrorResponse(SongError.java:185)",
        "bio.overture.song.sdk.errors.ServerResponseErrorHandler.handleError(ServerResponseErrorHandler.java:60)",
        "org.springframework.web.client.ResponseErrorHandler.handleError(ResponseErrorHandler.java:63)",
        "org.springframework.web.client.RestTemplate.handleResponse(RestTemplate.java:778)",
        "org.springframework.web.client.RestTemplate.doExecute(RestTemplate.java:736)",
        "org.springframework.web.client.RestTemplate.execute(RestTemplate.java:670)",
        "org.springframework.web.client.RestTemplate.exchange(RestTemplate.java:579)",
        "bio.overture.song.sdk.web.impl.DefaultRestClient.get(DefaultRestClient.java:42)",
        "bio.overture.song.sdk.web.impl.DefaultRetryRestClientDecorator.lambda$get$0(DefaultRetryRestClientDecorator.java:37)",
        "org.springframework.retry.support.RetryTemplate.doExecute(RetryTemplate.java:287)",
        "org.springframework.retry.support.RetryTemplate.execute(RetryTemplate.java:164)",
        "bio.overture.song.sdk.web.impl.DefaultRetryRestClientDecorator.get(DefaultRetryRestClientDecorator.java:37)",
        "bio.overture.song.sdk.SongApi.isAlive(SongApi.java:85)",
        "bio.overture.song.client.command.PingCommand.run(PingCommand.java:36)",
        "bio.overture.song.client.cli.ClientMain.run(ClientMain.java:95)",
        "bio.overture.song.client.Main.main(Main.java:30)",
        "java.base/jdk.internal.reflect.NativeMethodAccessorImpl.invoke0(Native Method)",
        "java.base/jdk.internal.reflect.NativeMethodAccessorImpl.invoke(Unknown Source)",
        "java.base/jdk.internal.reflect.DelegatingMethodAccessorImpl.invoke(Unknown Source)",
        "java.base/java.lang.reflect.Method.invoke(Unknown Source)",
        "org.springframework.boot.loader.MainMethodRunner.run(MainMethodRunner.java:47)",
        "org.springframework.boot.loader.Launcher.launch(Launcher.java:86)",
        "org.springframework.boot.loader.Launcher.launch(Launcher.java:50)",
        "org.springframework.boot.loader.JarLauncher.main(JarLauncher.java:51)"
    ],
  "timestamp" : 1584096459972,
  "date" : 1584096459972
}
2020-03-13 10:51:07,536 [main] INFO  b.o.s.c.r.DefaultRetryListener - Detected a connection exception, but it's not the connection timeoutMs or 503 Service Unavailable. Do not retry.
2020-03-13 10:51:07,558 [main] ERROR b.o.s.c.c.ClientMain - {
  "name" : "IllegalArgumentException",
  "message" : "Cannot deserialize value of type `long` from String \"2020-03-13T10:51:06.531+0000\": not a valid Long value\n at [Source: UNKNOWN; line: -1, column: -1] (through reference chain: bio.overture.song.core.exceptions.SongError[\"timestamp\"])",
  "stackTrace" : [
        "com.fasterxml.jackson.databind.ObjectMapper._convert(ObjectMapper.java:3738)",
        "com.fasterxml.jackson.databind.ObjectMapper.convertValue(ObjectMapper.java:3656)",
        "bio.overture.song.core.utils.JsonUtils.fromJson(JsonUtils.java:128)",
        "bio.overture.song.core.utils.JsonUtils.fromJson(JsonUtils.java:124)",
        "bio.overture.song.core.exceptions.SongError.parseErrorResponse(SongError.java:185)",
        "bio.overture.song.sdk.errors.ServerResponseErrorHandler.handleError(ServerResponseErrorHandler.java:60)",
        "org.springframework.web.client.ResponseErrorHandler.handleError(ResponseErrorHandler.java:63)",
        "org.springframework.web.client.RestTemplate.handleResponse(RestTemplate.java:778)",
        "org.springframework.web.client.RestTemplate.doExecute(RestTemplate.java:736)",
        "org.springframework.web.client.RestTemplate.execute(RestTemplate.java:670)",
        "org.springframework.web.client.RestTemplate.exchange(RestTemplate.java:579)",
        "bio.overture.song.sdk.web.impl.DefaultRestClient.get(DefaultRestClient.java:42)",
        "bio.overture.song.sdk.web.impl.DefaultRetryRestClientDecorator.lambda$get$0(DefaultRetryRestClientDecorator.java:37)",
        "org.springframework.retry.support.RetryTemplate.doExecute(RetryTemplate.java:287)",
        "org.springframework.retry.support.RetryTemplate.execute(RetryTemplate.java:164)",
        "bio.overture.song.sdk.web.impl.DefaultRetryRestClientDecorator.get(DefaultRetryRestClientDecorator.java:37)",
        "bio.overture.song.sdk.SongApi.isAlive(SongApi.java:85)",
        "bio.overture.song.client.command.PingCommand.run(PingCommand.java:36)",
        "bio.overture.song.client.cli.ClientMain.run(ClientMain.java:95)",
        "bio.overture.song.client.Main.main(Main.java:30)",
        "java.base/jdk.internal.reflect.NativeMethodAccessorImpl.invoke0(Native Method)",
        "java.base/jdk.internal.reflect.NativeMethodAccessorImpl.invoke(Unknown Source)",
        "java.base/jdk.internal.reflect.DelegatingMethodAccessorImpl.invoke(Unknown Source)",
        "java.base/java.lang.reflect.Method.invoke(Unknown Source)",
        "org.springframework.boot.loader.MainMethodRunner.run(MainMethodRunner.java:47)",
        "org.springframework.boot.loader.Launcher.launch(Launcher.java:86)",
        "org.springframework.boot.loader.Launcher.launch(Launcher.java:50)",
        "org.springframework.boot.loader.JarLauncher.main(JarLauncher.java:51)"
    ],
  "timestamp" : 1584096667539,
  "date" : 1584096667539
}
2020-03-13 10:51:07,558 [main] ERROR b.o.s.c.c.ClientMain - {
  "name" : "IllegalArgumentException",
  "message" : "Cannot deserialize value of type `long` from String \"2020-03-13T10:51:06.531+0000\": not a valid Long value\n at [Source: UNKNOWN; line: -1, column: -1] (through reference chain: bio.overture.song.core.exceptions.SongError[\"timestamp\"])",
  "stackTrace" : [
        "com.fasterxml.jackson.databind.ObjectMapper._convert(ObjectMapper.java:3738)",
        "com.fasterxml.jackson.databind.ObjectMapper.convertValue(ObjectMapper.java:3656)",
        "bio.overture.song.core.utils.JsonUtils.fromJson(JsonUtils.java:128)",
        "bio.overture.song.core.utils.JsonUtils.fromJson(JsonUtils.java:124)",
        "bio.overture.song.core.exceptions.SongError.parseErrorResponse(SongError.java:185)",
        "bio.overture.song.sdk.errors.ServerResponseErrorHandler.handleError(ServerResponseErrorHandler.java:60)",
        "org.springframework.web.client.ResponseErrorHandler.handleError(ResponseErrorHandler.java:63)",
        "org.springframework.web.client.RestTemplate.handleResponse(RestTemplate.java:778)",
        "org.springframework.web.client.RestTemplate.doExecute(RestTemplate.java:736)",
        "org.springframework.web.client.RestTemplate.execute(RestTemplate.java:670)",
        "org.springframework.web.client.RestTemplate.exchange(RestTemplate.java:579)",
        "bio.overture.song.sdk.web.impl.DefaultRestClient.get(DefaultRestClient.java:42)",
        "bio.overture.song.sdk.web.impl.DefaultRetryRestClientDecorator.lambda$get$0(DefaultRetryRestClientDecorator.java:37)",
        "org.springframework.retry.support.RetryTemplate.doExecute(RetryTemplate.java:287)",
        "org.springframework.retry.support.RetryTemplate.execute(RetryTemplate.java:164)",
        "bio.overture.song.sdk.web.impl.DefaultRetryRestClientDecorator.get(DefaultRetryRestClientDecorator.java:37)",
        "bio.overture.song.sdk.SongApi.isAlive(SongApi.java:85)",
        "bio.overture.song.client.command.PingCommand.run(PingCommand.java:36)",
        "bio.overture.song.client.cli.ClientMain.run(ClientMain.java:95)",
        "bio.overture.song.client.Main.main(Main.java:30)",
        "java.base/jdk.internal.reflect.NativeMethodAccessorImpl.invoke0(Native Method)",
        "java.base/jdk.internal.reflect.NativeMethodAccessorImpl.invoke(Unknown Source)",
        "java.base/jdk.internal.reflect.DelegatingMethodAccessorImpl.invoke(Unknown Source)",
        "java.base/java.lang.reflect.Method.invoke(Unknown Source)",
        "org.springframework.boot.loader.MainMethodRunner.run(MainMethodRunner.java:47)",
        "org.springframework.boot.loader.Launcher.launch(Launcher.java:86)",
        "org.springframework.boot.loader.Launcher.launch(Launcher.java:50)",
        "org.springframework.boot.loader.JarLauncher.main(JarLauncher.java:51)"
    ],
  "timestamp" : 1584096667539,
  "date" : 1584096667539
}
2020-03-13 11:33:36,530 [main] INFO  b.o.s.c.r.DefaultRetryListener - Detected a connection exception, but it's not the connection timeoutMs or 503 Service Unavailable. Do not retry.
2020-03-13 11:33:36,559 [main] ERROR b.o.s.c.c.ClientMain - {
  "name" : "IllegalArgumentException",
  "message" : "Cannot deserialize value of type `long` from String \"2020-03-13T11:33:35.486+0000\": not a valid Long value\n at [Source: UNKNOWN; line: -1, column: -1] (through reference chain: bio.overture.song.core.exceptions.SongError[\"timestamp\"])",
  "stackTrace" : [
        "com.fasterxml.jackson.databind.ObjectMapper._convert(ObjectMapper.java:3738)",
        "com.fasterxml.jackson.databind.ObjectMapper.convertValue(ObjectMapper.java:3656)",
        "bio.overture.song.core.utils.JsonUtils.fromJson(JsonUtils.java:128)",
        "bio.overture.song.core.utils.JsonUtils.fromJson(JsonUtils.java:124)",
        "bio.overture.song.core.exceptions.SongError.parseErrorResponse(SongError.java:185)",
        "bio.overture.song.sdk.errors.ServerResponseErrorHandler.handleError(ServerResponseErrorHandler.java:60)",
        "org.springframework.web.client.ResponseErrorHandler.handleError(ResponseErrorHandler.java:63)",
        "org.springframework.web.client.RestTemplate.handleResponse(RestTemplate.java:778)",
        "org.springframework.web.client.RestTemplate.doExecute(RestTemplate.java:736)",
        "org.springframework.web.client.RestTemplate.execute(RestTemplate.java:670)",
        "org.springframework.web.client.RestTemplate.exchange(RestTemplate.java:579)",
        "bio.overture.song.sdk.web.impl.DefaultRestClient.get(DefaultRestClient.java:42)",
        "bio.overture.song.sdk.web.impl.DefaultRetryRestClientDecorator.lambda$get$0(DefaultRetryRestClientDecorator.java:37)",
        "org.springframework.retry.support.RetryTemplate.doExecute(RetryTemplate.java:287)",
        "org.springframework.retry.support.RetryTemplate.execute(RetryTemplate.java:164)",
        "bio.overture.song.sdk.web.impl.DefaultRetryRestClientDecorator.get(DefaultRetryRestClientDecorator.java:37)",
        "bio.overture.song.sdk.SongApi.isAlive(SongApi.java:85)",
        "bio.overture.song.client.command.PingCommand.run(PingCommand.java:36)",
        "bio.overture.song.client.cli.ClientMain.run(ClientMain.java:95)",
        "bio.overture.song.client.Main.main(Main.java:30)",
        "java.base/jdk.internal.reflect.NativeMethodAccessorImpl.invoke0(Native Method)",
        "java.base/jdk.internal.reflect.NativeMethodAccessorImpl.invoke(Unknown Source)",
        "java.base/jdk.internal.reflect.DelegatingMethodAccessorImpl.invoke(Unknown Source)",
        "java.base/java.lang.reflect.Method.invoke(Unknown Source)",
        "org.springframework.boot.loader.MainMethodRunner.run(MainMethodRunner.java:47)",
        "org.springframework.boot.loader.Launcher.launch(Launcher.java:86)",
        "org.springframework.boot.loader.Launcher.launch(Launcher.java:50)",
        "org.springframework.boot.loader.JarLauncher.main(JarLauncher.java:51)"
    ],
  "timestamp" : 1584099216534,
  "date" : 1584099216534
}
2020-03-13 11:33:36,559 [main] ERROR b.o.s.c.c.ClientMain - {
  "name" : "IllegalArgumentException",
  "message" : "Cannot deserialize value of type `long` from String \"2020-03-13T11:33:35.486+0000\": not a valid Long value\n at [Source: UNKNOWN; line: -1, column: -1] (through reference chain: bio.overture.song.core.exceptions.SongError[\"timestamp\"])",
  "stackTrace" : [
        "com.fasterxml.jackson.databind.ObjectMapper._convert(ObjectMapper.java:3738)",
        "com.fasterxml.jackson.databind.ObjectMapper.convertValue(ObjectMapper.java:3656)",
        "bio.overture.song.core.utils.JsonUtils.fromJson(JsonUtils.java:128)",
        "bio.overture.song.core.utils.JsonUtils.fromJson(JsonUtils.java:124)",
        "bio.overture.song.core.exceptions.SongError.parseErrorResponse(SongError.java:185)",
        "bio.overture.song.sdk.errors.ServerResponseErrorHandler.handleError(ServerResponseErrorHandler.java:60)",
        "org.springframework.web.client.ResponseErrorHandler.handleError(ResponseErrorHandler.java:63)",
        "org.springframework.web.client.RestTemplate.handleResponse(RestTemplate.java:778)",
        "org.springframework.web.client.RestTemplate.doExecute(RestTemplate.java:736)",
        "org.springframework.web.client.RestTemplate.execute(RestTemplate.java:670)",
        "org.springframework.web.client.RestTemplate.exchange(RestTemplate.java:579)",
        "bio.overture.song.sdk.web.impl.DefaultRestClient.get(DefaultRestClient.java:42)",
        "bio.overture.song.sdk.web.impl.DefaultRetryRestClientDecorator.lambda$get$0(DefaultRetryRestClientDecorator.java:37)",
        "org.springframework.retry.support.RetryTemplate.doExecute(RetryTemplate.java:287)",
        "org.springframework.retry.support.RetryTemplate.execute(RetryTemplate.java:164)",
        "bio.overture.song.sdk.web.impl.DefaultRetryRestClientDecorator.get(DefaultRetryRestClientDecorator.java:37)",
        "bio.overture.song.sdk.SongApi.isAlive(SongApi.java:85)",
        "bio.overture.song.client.command.PingCommand.run(PingCommand.java:36)",
        "bio.overture.song.client.cli.ClientMain.run(ClientMain.java:95)",
        "bio.overture.song.client.Main.main(Main.java:30)",
        "java.base/jdk.internal.reflect.NativeMethodAccessorImpl.invoke0(Native Method)",
        "java.base/jdk.internal.reflect.NativeMethodAccessorImpl.invoke(Unknown Source)",
        "java.base/jdk.internal.reflect.DelegatingMethodAccessorImpl.invoke(Unknown Source)",
        "java.base/java.lang.reflect.Method.invoke(Unknown Source)",
        "org.springframework.boot.loader.MainMethodRunner.run(MainMethodRunner.java:47)",
        "org.springframework.boot.loader.Launcher.launch(Launcher.java:86)",
        "org.springframework.boot.loader.Launcher.launch(Launcher.java:50)",
        "org.springframework.boot.loader.JarLauncher.main(JarLauncher.java:51)"
    ],
  "timestamp" : 1584099216534,
  "date" : 1584099216534
}
2020-03-13 13:37:34,683 [main] INFO  b.o.s.c.r.DefaultRetryListener - Detected a connection exception, but it's not the connection timeoutMs or 503 Service Unavailable. Do not retry.
