2020-03-12 08:47:01,837 [main] INFO  b.o.s.c.r.DefaultRetryListener - Detected a connection exception, but it's not the connection timeoutMs or 503 Service Unavailable. Do not retry.
2020-03-12 08:48:36,448 [main] INFO  b.o.s.c.r.DefaultRetryListener - Detected a connection exception, but it's not the connection timeoutMs or 503 Service Unavailable. Do not retry.
2020-03-12 08:48:36,474 [main] ERROR b.o.s.c.c.ClientMain - {
  "name" : "IllegalArgumentException",
  "message" : "Cannot deserialize value of type `long` from String \"2020-03-12T08:48:34.957+0000\": not a valid Long value\n at [Source: UNKNOWN; line: -1, column: -1] (through reference chain: bio.overture.song.core.exceptions.SongError[\"timestamp\"])",
  "stackTrace" : [
        "com.fasterxml.jackson.databind.ObjectMapper._convert(ObjectMapper.java:3738)",
        "com.fasterxml.jackson.databind.ObjectMapper.convertValue(ObjectMapper.java:3656)",
        "bio.overture.song.core.utils.JsonUtils.fromJson(JsonUtils.java:128)",
        "bio.overture.song.core.utils.JsonUtils.fromJson(JsonUtils.java:124)",
        "bio.overture.song.core.exceptions.SongError.parseErrorResponse(SongError.java:185)",
        "bio.overture.song.sdk.errors.ServerResponseErrorHandler.handleError(ServerResponseErrorHandler.java:60)",
        "org.springframework.web.client.ResponseErrorHandler.handleError(ResponseErrorHandler.java:63)",
        "org.springframework.web.client.RestTemplate.handleResponse(RestTemplate.java:778)",
        "org.springframework.web.client.RestTemplate.doExecute(RestTemplate.java:736)",
        "org.springframework.web.client.RestTemplate.execute(RestTemplate.java:670)",
        "org.springframework.web.client.RestTemplate.exchange(RestTemplate.java:579)",
        "bio.overture.song.sdk.web.impl.DefaultRestClient.get(DefaultRestClient.java:42)",
        "bio.overture.song.sdk.web.impl.DefaultRetryRestClientDecorator.lambda$get$0(DefaultRetryRestClientDecorator.java:37)",
        "org.springframework.retry.support.RetryTemplate.doExecute(RetryTemplate.java:287)",
        "org.springframework.retry.support.RetryTemplate.execute(RetryTemplate.java:164)",
        "bio.overture.song.sdk.web.impl.DefaultRetryRestClientDecorator.get(DefaultRetryRestClientDecorator.java:37)",
        "bio.overture.song.sdk.SongApi.isAlive(SongApi.java:85)",
        "bio.overture.song.client.command.PingCommand.run(PingCommand.java:36)",
        "bio.overture.song.client.cli.ClientMain.run(ClientMain.java:95)",
        "bio.overture.song.client.Main.main(Main.java:30)",
        "java.base/jdk.internal.reflect.NativeMethodAccessorImpl.invoke0(Native Method)",
        "java.base/jdk.internal.reflect.NativeMethodAccessorImpl.invoke(Unknown Source)",
        "java.base/jdk.internal.reflect.DelegatingMethodAccessorImpl.invoke(Unknown Source)",
        "java.base/java.lang.reflect.Method.invoke(Unknown Source)",
        "org.springframework.boot.loader.MainMethodRunner.run(MainMethodRunner.java:47)",
        "org.springframework.boot.loader.Launcher.launch(Launcher.java:86)",
        "org.springframework.boot.loader.Launcher.launch(Launcher.java:50)",
        "org.springframework.boot.loader.JarLauncher.main(JarLauncher.java:51)"
    ],
  "timestamp" : 1584002916451,
  "date" : 1584002916451
}
2020-03-12 08:48:36,474 [main] ERROR b.o.s.c.c.ClientMain - {
  "name" : "IllegalArgumentException",
  "message" : "Cannot deserialize value of type `long` from String \"2020-03-12T08:48:34.957+0000\": not a valid Long value\n at [Source: UNKNOWN; line: -1, column: -1] (through reference chain: bio.overture.song.core.exceptions.SongError[\"timestamp\"])",
  "stackTrace" : [
        "com.fasterxml.jackson.databind.ObjectMapper._convert(ObjectMapper.java:3738)",
        "com.fasterxml.jackson.databind.ObjectMapper.convertValue(ObjectMapper.java:3656)",
        "bio.overture.song.core.utils.JsonUtils.fromJson(JsonUtils.java:128)",
        "bio.overture.song.core.utils.JsonUtils.fromJson(JsonUtils.java:124)",
        "bio.overture.song.core.exceptions.SongError.parseErrorResponse(SongError.java:185)",
        "bio.overture.song.sdk.errors.ServerResponseErrorHandler.handleError(ServerResponseErrorHandler.java:60)",
        "org.springframework.web.client.ResponseErrorHandler.handleError(ResponseErrorHandler.java:63)",
        "org.springframework.web.client.RestTemplate.handleResponse(RestTemplate.java:778)",
        "org.springframework.web.client.RestTemplate.doExecute(RestTemplate.java:736)",
        "org.springframework.web.client.RestTemplate.execute(RestTemplate.java:670)",
        "org.springframework.web.client.RestTemplate.exchange(RestTemplate.java:579)",
        "bio.overture.song.sdk.web.impl.DefaultRestClient.get(DefaultRestClient.java:42)",
        "bio.overture.song.sdk.web.impl.DefaultRetryRestClientDecorator.lambda$get$0(DefaultRetryRestClientDecorator.java:37)",
        "org.springframework.retry.support.RetryTemplate.doExecute(RetryTemplate.java:287)",
        "org.springframework.retry.support.RetryTemplate.execute(RetryTemplate.java:164)",
        "bio.overture.song.sdk.web.impl.DefaultRetryRestClientDecorator.get(DefaultRetryRestClientDecorator.java:37)",
        "bio.overture.song.sdk.SongApi.isAlive(SongApi.java:85)",
        "bio.overture.song.client.command.PingCommand.run(PingCommand.java:36)",
        "bio.overture.song.client.cli.ClientMain.run(ClientMain.java:95)",
        "bio.overture.song.client.Main.main(Main.java:30)",
        "java.base/jdk.internal.reflect.NativeMethodAccessorImpl.invoke0(Native Method)",
        "java.base/jdk.internal.reflect.NativeMethodAccessorImpl.invoke(Unknown Source)",
        "java.base/jdk.internal.reflect.DelegatingMethodAccessorImpl.invoke(Unknown Source)",
        "java.base/java.lang.reflect.Method.invoke(Unknown Source)",
        "org.springframework.boot.loader.MainMethodRunner.run(MainMethodRunner.java:47)",
        "org.springframework.boot.loader.Launcher.launch(Launcher.java:86)",
        "org.springframework.boot.loader.Launcher.launch(Launcher.java:50)",
        "org.springframework.boot.loader.JarLauncher.main(JarLauncher.java:51)"
    ],
  "timestamp" : 1584002916451,
  "date" : 1584002916451
}
2020-03-12 08:55:32,872 [main] INFO  b.o.s.c.r.DefaultRetryListener - Detected a connection exception, but it's not the connection timeoutMs or 503 Service Unavailable. Do not retry.
2020-03-12 08:55:32,897 [main] ERROR b.o.s.c.c.ClientMain - {
  "name" : "IllegalArgumentException",
  "message" : "Cannot deserialize value of type `long` from String \"2020-03-12T08:55:31.412+0000\": not a valid Long value\n at [Source: UNKNOWN; line: -1, column: -1] (through reference chain: bio.overture.song.core.exceptions.SongError[\"timestamp\"])",
  "stackTrace" : [
        "com.fasterxml.jackson.databind.ObjectMapper._convert(ObjectMapper.java:3738)",
        "com.fasterxml.jackson.databind.ObjectMapper.convertValue(ObjectMapper.java:3656)",
        "bio.overture.song.core.utils.JsonUtils.fromJson(JsonUtils.java:128)",
        "bio.overture.song.core.utils.JsonUtils.fromJson(JsonUtils.java:124)",
        "bio.overture.song.core.exceptions.SongError.parseErrorResponse(SongError.java:185)",
        "bio.overture.song.sdk.errors.ServerResponseErrorHandler.handleError(ServerResponseErrorHandler.java:60)",
        "org.springframework.web.client.ResponseErrorHandler.handleError(ResponseErrorHandler.java:63)",
        "org.springframework.web.client.RestTemplate.handleResponse(RestTemplate.java:778)",
        "org.springframework.web.client.RestTemplate.doExecute(RestTemplate.java:736)",
        "org.springframework.web.client.RestTemplate.execute(RestTemplate.java:670)",
        "org.springframework.web.client.RestTemplate.exchange(RestTemplate.java:579)",
        "bio.overture.song.sdk.web.impl.DefaultRestClient.get(DefaultRestClient.java:42)",
        "bio.overture.song.sdk.web.impl.DefaultRetryRestClientDecorator.lambda$get$0(DefaultRetryRestClientDecorator.java:37)",
        "org.springframework.retry.support.RetryTemplate.doExecute(RetryTemplate.java:287)",
        "org.springframework.retry.support.RetryTemplate.execute(RetryTemplate.java:164)",
        "bio.overture.song.sdk.web.impl.DefaultRetryRestClientDecorator.get(DefaultRetryRestClientDecorator.java:37)",
        "bio.overture.song.sdk.SongApi.isAlive(SongApi.java:85)",
        "bio.overture.song.client.command.PingCommand.run(PingCommand.java:36)",
        "bio.overture.song.client.cli.ClientMain.run(ClientMain.java:95)",
        "bio.overture.song.client.Main.main(Main.java:30)",
        "java.base/jdk.internal.reflect.NativeMethodAccessorImpl.invoke0(Native Method)",
        "java.base/jdk.internal.reflect.NativeMethodAccessorImpl.invoke(Unknown Source)",
        "java.base/jdk.internal.reflect.DelegatingMethodAccessorImpl.invoke(Unknown Source)",
        "java.base/java.lang.reflect.Method.invoke(Unknown Source)",
        "org.springframework.boot.loader.MainMethodRunner.run(MainMethodRunner.java:47)",
        "org.springframework.boot.loader.Launcher.launch(Launcher.java:86)",
        "org.springframework.boot.loader.Launcher.launch(Launcher.java:50)",
        "org.springframework.boot.loader.JarLauncher.main(JarLauncher.java:51)"
    ],
  "timestamp" : 1584003332875,
  "date" : 1584003332875
}
2020-03-12 08:55:32,897 [main] ERROR b.o.s.c.c.ClientMain - {
  "name" : "IllegalArgumentException",
  "message" : "Cannot deserialize value of type `long` from String \"2020-03-12T08:55:31.412+0000\": not a valid Long value\n at [Source: UNKNOWN; line: -1, column: -1] (through reference chain: bio.overture.song.core.exceptions.SongError[\"timestamp\"])",
  "stackTrace" : [
        "com.fasterxml.jackson.databind.ObjectMapper._convert(ObjectMapper.java:3738)",
        "com.fasterxml.jackson.databind.ObjectMapper.convertValue(ObjectMapper.java:3656)",
        "bio.overture.song.core.utils.JsonUtils.fromJson(JsonUtils.java:128)",
        "bio.overture.song.core.utils.JsonUtils.fromJson(JsonUtils.java:124)",
        "bio.overture.song.core.exceptions.SongError.parseErrorResponse(SongError.java:185)",
        "bio.overture.song.sdk.errors.ServerResponseErrorHandler.handleError(ServerResponseErrorHandler.java:60)",
        "org.springframework.web.client.ResponseErrorHandler.handleError(ResponseErrorHandler.java:63)",
        "org.springframework.web.client.RestTemplate.handleResponse(RestTemplate.java:778)",
        "org.springframework.web.client.RestTemplate.doExecute(RestTemplate.java:736)",
        "org.springframework.web.client.RestTemplate.execute(RestTemplate.java:670)",
        "org.springframework.web.client.RestTemplate.exchange(RestTemplate.java:579)",
        "bio.overture.song.sdk.web.impl.DefaultRestClient.get(DefaultRestClient.java:42)",
        "bio.overture.song.sdk.web.impl.DefaultRetryRestClientDecorator.lambda$get$0(DefaultRetryRestClientDecorator.java:37)",
        "org.springframework.retry.support.RetryTemplate.doExecute(RetryTemplate.java:287)",
        "org.springframework.retry.support.RetryTemplate.execute(RetryTemplate.java:164)",
        "bio.overture.song.sdk.web.impl.DefaultRetryRestClientDecorator.get(DefaultRetryRestClientDecorator.java:37)",
        "bio.overture.song.sdk.SongApi.isAlive(SongApi.java:85)",
        "bio.overture.song.client.command.PingCommand.run(PingCommand.java:36)",
        "bio.overture.song.client.cli.ClientMain.run(ClientMain.java:95)",
        "bio.overture.song.client.Main.main(Main.java:30)",
        "java.base/jdk.internal.reflect.NativeMethodAccessorImpl.invoke0(Native Method)",
        "java.base/jdk.internal.reflect.NativeMethodAccessorImpl.invoke(Unknown Source)",
        "java.base/jdk.internal.reflect.DelegatingMethodAccessorImpl.invoke(Unknown Source)",
        "java.base/java.lang.reflect.Method.invoke(Unknown Source)",
        "org.springframework.boot.loader.MainMethodRunner.run(MainMethodRunner.java:47)",
        "org.springframework.boot.loader.Launcher.launch(Launcher.java:86)",
        "org.springframework.boot.loader.Launcher.launch(Launcher.java:50)",
        "org.springframework.boot.loader.JarLauncher.main(JarLauncher.java:51)"
    ],
  "timestamp" : 1584003332875,
  "date" : 1584003332875
}
2020-03-12 14:29:29,265 [main] INFO  b.o.s.c.r.DefaultRetryListener - Detected a connection exception, but it's not the connection timeoutMs or 503 Service Unavailable. Do not retry.
2020-03-12 14:29:29,286 [main] ERROR b.o.s.c.c.ClientMain - {
  "name" : "IllegalArgumentException",
  "message" : "Cannot deserialize value of type `long` from String \"2020-03-12T14:29:28.663+0000\": not a valid Long value\n at [Source: UNKNOWN; line: -1, column: -1] (through reference chain: bio.overture.song.core.exceptions.SongError[\"timestamp\"])",
  "stackTrace" : [
        "com.fasterxml.jackson.databind.ObjectMapper._convert(ObjectMapper.java:3738)",
        "com.fasterxml.jackson.databind.ObjectMapper.convertValue(ObjectMapper.java:3656)",
        "bio.overture.song.core.utils.JsonUtils.fromJson(JsonUtils.java:128)",
        "bio.overture.song.core.utils.JsonUtils.fromJson(JsonUtils.java:124)",
        "bio.overture.song.core.exceptions.SongError.parseErrorResponse(SongError.java:185)",
        "bio.overture.song.sdk.errors.ServerResponseErrorHandler.handleError(ServerResponseErrorHandler.java:60)",
        "org.springframework.web.client.ResponseErrorHandler.handleError(ResponseErrorHandler.java:63)",
        "org.springframework.web.client.RestTemplate.handleResponse(RestTemplate.java:778)",
        "org.springframework.web.client.RestTemplate.doExecute(RestTemplate.java:736)",
        "org.springframework.web.client.RestTemplate.execute(RestTemplate.java:670)",
        "org.springframework.web.client.RestTemplate.exchange(RestTemplate.java:579)",
        "bio.overture.song.sdk.web.impl.DefaultRestClient.get(DefaultRestClient.java:42)",
        "bio.overture.song.sdk.web.impl.DefaultRetryRestClientDecorator.lambda$get$0(DefaultRetryRestClientDecorator.java:37)",
        "org.springframework.retry.support.RetryTemplate.doExecute(RetryTemplate.java:287)",
        "org.springframework.retry.support.RetryTemplate.execute(RetryTemplate.java:164)",
        "bio.overture.song.sdk.web.impl.DefaultRetryRestClientDecorator.get(DefaultRetryRestClientDecorator.java:37)",
        "bio.overture.song.sdk.SongApi.isAlive(SongApi.java:85)",
        "bio.overture.song.client.command.PingCommand.run(PingCommand.java:36)",
        "bio.overture.song.client.cli.ClientMain.run(ClientMain.java:95)",
        "bio.overture.song.client.Main.main(Main.java:30)",
        "java.base/jdk.internal.reflect.NativeMethodAccessorImpl.invoke0(Native Method)",
        "java.base/jdk.internal.reflect.NativeMethodAccessorImpl.invoke(Unknown Source)",
        "java.base/jdk.internal.reflect.DelegatingMethodAccessorImpl.invoke(Unknown Source)",
        "java.base/java.lang.reflect.Method.invoke(Unknown Source)",
        "org.springframework.boot.loader.MainMethodRunner.run(MainMethodRunner.java:47)",
        "org.springframework.boot.loader.Launcher.launch(Launcher.java:86)",
        "org.springframework.boot.loader.Launcher.launch(Launcher.java:50)",
        "org.springframework.boot.loader.JarLauncher.main(JarLauncher.java:51)"
    ],
  "timestamp" : 1584023369268,
  "date" : 1584023369268
}
2020-03-12 14:29:29,286 [main] ERROR b.o.s.c.c.ClientMain - {
  "name" : "IllegalArgumentException",
  "message" : "Cannot deserialize value of type `long` from String \"2020-03-12T14:29:28.663+0000\": not a valid Long value\n at [Source: UNKNOWN; line: -1, column: -1] (through reference chain: bio.overture.song.core.exceptions.SongError[\"timestamp\"])",
  "stackTrace" : [
        "com.fasterxml.jackson.databind.ObjectMapper._convert(ObjectMapper.java:3738)",
        "com.fasterxml.jackson.databind.ObjectMapper.convertValue(ObjectMapper.java:3656)",
        "bio.overture.song.core.utils.JsonUtils.fromJson(JsonUtils.java:128)",
        "bio.overture.song.core.utils.JsonUtils.fromJson(JsonUtils.java:124)",
        "bio.overture.song.core.exceptions.SongError.parseErrorResponse(SongError.java:185)",
        "bio.overture.song.sdk.errors.ServerResponseErrorHandler.handleError(ServerResponseErrorHandler.java:60)",
        "org.springframework.web.client.ResponseErrorHandler.handleError(ResponseErrorHandler.java:63)",
        "org.springframework.web.client.RestTemplate.handleResponse(RestTemplate.java:778)",
        "org.springframework.web.client.RestTemplate.doExecute(RestTemplate.java:736)",
        "org.springframework.web.client.RestTemplate.execute(RestTemplate.java:670)",
        "org.springframework.web.client.RestTemplate.exchange(RestTemplate.java:579)",
        "bio.overture.song.sdk.web.impl.DefaultRestClient.get(DefaultRestClient.java:42)",
        "bio.overture.song.sdk.web.impl.DefaultRetryRestClientDecorator.lambda$get$0(DefaultRetryRestClientDecorator.java:37)",
        "org.springframework.retry.support.RetryTemplate.doExecute(RetryTemplate.java:287)",
        "org.springframework.retry.support.RetryTemplate.execute(RetryTemplate.java:164)",
        "bio.overture.song.sdk.web.impl.DefaultRetryRestClientDecorator.get(DefaultRetryRestClientDecorator.java:37)",
        "bio.overture.song.sdk.SongApi.isAlive(SongApi.java:85)",
        "bio.overture.song.client.command.PingCommand.run(PingCommand.java:36)",
        "bio.overture.song.client.cli.ClientMain.run(ClientMain.java:95)",
        "bio.overture.song.client.Main.main(Main.java:30)",
        "java.base/jdk.internal.reflect.NativeMethodAccessorImpl.invoke0(Native Method)",
        "java.base/jdk.internal.reflect.NativeMethodAccessorImpl.invoke(Unknown Source)",
        "java.base/jdk.internal.reflect.DelegatingMethodAccessorImpl.invoke(Unknown Source)",
        "java.base/java.lang.reflect.Method.invoke(Unknown Source)",
        "org.springframework.boot.loader.MainMethodRunner.run(MainMethodRunner.java:47)",
        "org.springframework.boot.loader.Launcher.launch(Launcher.java:86)",
        "org.springframework.boot.loader.Launcher.launch(Launcher.java:50)",
        "org.springframework.boot.loader.JarLauncher.main(JarLauncher.java:51)"
    ],
  "timestamp" : 1584023369268,
  "date" : 1584023369268
}
2020-03-12 14:31:41,174 [main] INFO  b.o.s.c.r.DefaultRetryListener - Detected a connection exception, but it's not the connection timeoutMs or 503 Service Unavailable. Do not retry.
2020-03-12 15:26:45,653 [main] INFO  b.o.s.c.r.DefaultRetryListener - Detected a connection exception, but it's not the connection timeoutMs or 503 Service Unavailable. Do not retry.
2020-03-12 15:49:43,729 [main] INFO  b.o.s.c.r.DefaultRetryListener - Detected a connection exception, but it's not the connection timeoutMs or 503 Service Unavailable. Do not retry.
2020-03-12 15:49:43,750 [main] ERROR b.o.s.c.c.ClientMain - {
  "name" : "IllegalArgumentException",
  "message" : "Cannot deserialize value of type `long` from String \"2020-03-12T15:49:43.213+0000\": not a valid Long value\n at [Source: UNKNOWN; line: -1, column: -1] (through reference chain: bio.overture.song.core.exceptions.SongError[\"timestamp\"])",
  "stackTrace" : [
        "com.fasterxml.jackson.databind.ObjectMapper._convert(ObjectMapper.java:3738)",
        "com.fasterxml.jackson.databind.ObjectMapper.convertValue(ObjectMapper.java:3656)",
        "bio.overture.song.core.utils.JsonUtils.fromJson(JsonUtils.java:128)",
        "bio.overture.song.core.utils.JsonUtils.fromJson(JsonUtils.java:124)",
        "bio.overture.song.core.exceptions.SongError.parseErrorResponse(SongError.java:185)",
        "bio.overture.song.sdk.errors.ServerResponseErrorHandler.handleError(ServerResponseErrorHandler.java:60)",
        "org.springframework.web.client.ResponseErrorHandler.handleError(ResponseErrorHandler.java:63)",
        "org.springframework.web.client.RestTemplate.handleResponse(RestTemplate.java:778)",
        "org.springframework.web.client.RestTemplate.doExecute(RestTemplate.java:736)",
        "org.springframework.web.client.RestTemplate.execute(RestTemplate.java:670)",
        "org.springframework.web.client.RestTemplate.exchange(RestTemplate.java:579)",
        "bio.overture.song.sdk.web.impl.DefaultRestClient.get(DefaultRestClient.java:42)",
        "bio.overture.song.sdk.web.impl.DefaultRetryRestClientDecorator.lambda$get$0(DefaultRetryRestClientDecorator.java:37)",
        "org.springframework.retry.support.RetryTemplate.doExecute(RetryTemplate.java:287)",
        "org.springframework.retry.support.RetryTemplate.execute(RetryTemplate.java:164)",
        "bio.overture.song.sdk.web.impl.DefaultRetryRestClientDecorator.get(DefaultRetryRestClientDecorator.java:37)",
        "bio.overture.song.sdk.SongApi.isAlive(SongApi.java:85)",
        "bio.overture.song.client.command.PingCommand.run(PingCommand.java:36)",
        "bio.overture.song.client.cli.ClientMain.run(ClientMain.java:95)",
        "bio.overture.song.client.Main.main(Main.java:30)",
        "java.base/jdk.internal.reflect.NativeMethodAccessorImpl.invoke0(Native Method)",
        "java.base/jdk.internal.reflect.NativeMethodAccessorImpl.invoke(Unknown Source)",
        "java.base/jdk.internal.reflect.DelegatingMethodAccessorImpl.invoke(Unknown Source)",
        "java.base/java.lang.reflect.Method.invoke(Unknown Source)",
        "org.springframework.boot.loader.MainMethodRunner.run(MainMethodRunner.java:47)",
        "org.springframework.boot.loader.Launcher.launch(Launcher.java:86)",
        "org.springframework.boot.loader.Launcher.launch(Launcher.java:50)",
        "org.springframework.boot.loader.JarLauncher.main(JarLauncher.java:51)"
    ],
  "timestamp" : 1584028183732,
  "date" : 1584028183732
}
2020-03-12 15:49:43,750 [main] ERROR b.o.s.c.c.ClientMain - {
  "name" : "IllegalArgumentException",
  "message" : "Cannot deserialize value of type `long` from String \"2020-03-12T15:49:43.213+0000\": not a valid Long value\n at [Source: UNKNOWN; line: -1, column: -1] (through reference chain: bio.overture.song.core.exceptions.SongError[\"timestamp\"])",
  "stackTrace" : [
        "com.fasterxml.jackson.databind.ObjectMapper._convert(ObjectMapper.java:3738)",
        "com.fasterxml.jackson.databind.ObjectMapper.convertValue(ObjectMapper.java:3656)",
        "bio.overture.song.core.utils.JsonUtils.fromJson(JsonUtils.java:128)",
        "bio.overture.song.core.utils.JsonUtils.fromJson(JsonUtils.java:124)",
        "bio.overture.song.core.exceptions.SongError.parseErrorResponse(SongError.java:185)",
        "bio.overture.song.sdk.errors.ServerResponseErrorHandler.handleError(ServerResponseErrorHandler.java:60)",
        "org.springframework.web.client.ResponseErrorHandler.handleError(ResponseErrorHandler.java:63)",
        "org.springframework.web.client.RestTemplate.handleResponse(RestTemplate.java:778)",
        "org.springframework.web.client.RestTemplate.doExecute(RestTemplate.java:736)",
        "org.springframework.web.client.RestTemplate.execute(RestTemplate.java:670)",
        "org.springframework.web.client.RestTemplate.exchange(RestTemplate.java:579)",
        "bio.overture.song.sdk.web.impl.DefaultRestClient.get(DefaultRestClient.java:42)",
        "bio.overture.song.sdk.web.impl.DefaultRetryRestClientDecorator.lambda$get$0(DefaultRetryRestClientDecorator.java:37)",
        "org.springframework.retry.support.RetryTemplate.doExecute(RetryTemplate.java:287)",
        "org.springframework.retry.support.RetryTemplate.execute(RetryTemplate.java:164)",
        "bio.overture.song.sdk.web.impl.DefaultRetryRestClientDecorator.get(DefaultRetryRestClientDecorator.java:37)",
        "bio.overture.song.sdk.SongApi.isAlive(SongApi.java:85)",
        "bio.overture.song.client.command.PingCommand.run(PingCommand.java:36)",
        "bio.overture.song.client.cli.ClientMain.run(ClientMain.java:95)",
        "bio.overture.song.client.Main.main(Main.java:30)",
        "java.base/jdk.internal.reflect.NativeMethodAccessorImpl.invoke0(Native Method)",
        "java.base/jdk.internal.reflect.NativeMethodAccessorImpl.invoke(Unknown Source)",
        "java.base/jdk.internal.reflect.DelegatingMethodAccessorImpl.invoke(Unknown Source)",
        "java.base/java.lang.reflect.Method.invoke(Unknown Source)",
        "org.springframework.boot.loader.MainMethodRunner.run(MainMethodRunner.java:47)",
        "org.springframework.boot.loader.Launcher.launch(Launcher.java:86)",
        "org.springframework.boot.loader.Launcher.launch(Launcher.java:50)",
        "org.springframework.boot.loader.JarLauncher.main(JarLauncher.java:51)"
    ],
  "timestamp" : 1584028183732,
  "date" : 1584028183732
}
